{"C:\\Users\\Tray ke\\Desktop\\jopa-sales-server\\src\\routes\\productRoutes.js": {"path":"C:\\Users\\Tray ke\\Desktop\\jopa-sales-server\\src\\routes\\productRoutes.js","statementMap":{"0":{"start":{"line":1,"column":16},"end":{"line":1,"column":34}},"1":{"start":{"line":2,"column":15},"end":{"line":2,"column":41}},"2":{"start":{"line":3,"column":15},"end":{"line":3,"column":31}},"3":{"start":{"line":6,"column":0},"end":{"line":18,"column":3}},"4":{"start":{"line":7,"column":42},"end":{"line":7,"column":50}},"5":{"start":{"line":9,"column":2},"end":{"line":17,"column":3}},"6":{"start":{"line":10,"column":20},"end":{"line":12,"column":6}},"7":{"start":{"line":13,"column":4},"end":{"line":13,"column":34}},"8":{"start":{"line":15,"column":4},"end":{"line":15,"column":25}},"9":{"start":{"line":16,"column":4},"end":{"line":16,"column":64}},"10":{"start":{"line":23,"column":0},"end":{"line":33,"column":3}},"11":{"start":{"line":24,"column":2},"end":{"line":32,"column":3}},"12":{"start":{"line":25,"column":21},"end":{"line":27,"column":6}},"13":{"start":{"line":28,"column":4},"end":{"line":28,"column":35}},"14":{"start":{"line":30,"column":4},"end":{"line":30,"column":25}},"15":{"start":{"line":31,"column":4},"end":{"line":31,"column":64}},"16":{"start":{"line":36,"column":0},"end":{"line":50,"column":3}},"17":{"start":{"line":37,"column":17},"end":{"line":37,"column":27}},"18":{"start":{"line":38,"column":42},"end":{"line":38,"column":50}},"19":{"start":{"line":40,"column":2},"end":{"line":49,"column":3}},"20":{"start":{"line":41,"column":27},"end":{"line":44,"column":6}},"21":{"start":{"line":45,"column":4},"end":{"line":45,"column":41}},"22":{"start":{"line":47,"column":4},"end":{"line":47,"column":25}},"23":{"start":{"line":48,"column":4},"end":{"line":48,"column":64}},"24":{"start":{"line":53,"column":0},"end":{"line":63,"column":3}},"25":{"start":{"line":54,"column":17},"end":{"line":54,"column":27}},"26":{"start":{"line":56,"column":2},"end":{"line":62,"column":3}},"27":{"start":{"line":57,"column":4},"end":{"line":57,"column":65}},"28":{"start":{"line":58,"column":4},"end":{"line":58,"column":70}},"29":{"start":{"line":60,"column":4},"end":{"line":60,"column":25}},"30":{"start":{"line":61,"column":4},"end":{"line":61,"column":64}},"31":{"start":{"line":70,"column":0},"end":{"line":70,"column":24}}},"fnMap":{"0":{"name":"(anonymous_0)","decl":{"start":{"line":6,"column":31},"end":{"line":6,"column":32}},"loc":{"start":{"line":6,"column":51},"end":{"line":18,"column":1}},"line":6},"1":{"name":"(anonymous_1)","decl":{"start":{"line":23,"column":24},"end":{"line":23,"column":25}},"loc":{"start":{"line":23,"column":44},"end":{"line":33,"column":1}},"line":23},"2":{"name":"(anonymous_2)","decl":{"start":{"line":36,"column":34},"end":{"line":36,"column":35}},"loc":{"start":{"line":36,"column":54},"end":{"line":50,"column":1}},"line":36},"3":{"name":"(anonymous_3)","decl":{"start":{"line":53,"column":37},"end":{"line":53,"column":38}},"loc":{"start":{"line":53,"column":57},"end":{"line":63,"column":1}},"line":53}},"branchMap":{},"s":{"0":1,"1":1,"2":1,"3":1,"4":2,"5":2,"6":2,"7":1,"8":1,"9":1,"10":1,"11":2,"12":2,"13":1,"14":1,"15":1,"16":1,"17":2,"18":2,"19":2,"20":2,"21":1,"22":1,"23":1,"24":1,"25":2,"26":2,"27":2,"28":1,"29":1,"30":1,"31":1},"f":{"0":2,"1":2,"2":2,"3":2},"b":{},"_coverageSchema":"1a1c01bbd47fc00a2c39e90264f33305004495a9","hash":"aaf5ad5757f7fee2840938932fca5288cab18d37"}
,"C:\\Users\\Tray ke\\Desktop\\jopa-sales-server\\src\\routes\\salesRoutes.js": {"path":"C:\\Users\\Tray ke\\Desktop\\jopa-sales-server\\src\\routes\\salesRoutes.js","statementMap":{"0":{"start":{"line":1,"column":16},"end":{"line":1,"column":34}},"1":{"start":{"line":2,"column":15},"end":{"line":2,"column":41}},"2":{"start":{"line":3,"column":15},"end":{"line":3,"column":31}},"3":{"start":{"line":6,"column":0},"end":{"line":23,"column":3}},"4":{"start":{"line":7,"column":50},"end":{"line":7,"column":58}},"5":{"start":{"line":9,"column":2},"end":{"line":22,"column":3}},"6":{"start":{"line":10,"column":20},"end":{"line":10,"column":81}},"7":{"start":{"line":11,"column":4},"end":{"line":11,"column":78}},"8":{"start":{"line":11,"column":18},"end":{"line":11,"column":78}},"9":{"start":{"line":13,"column":18},"end":{"line":13,"column":42}},"10":{"start":{"line":15,"column":17},"end":{"line":17,"column":6}},"11":{"start":{"line":18,"column":4},"end":{"line":18,"column":31}},"12":{"start":{"line":20,"column":4},"end":{"line":20,"column":23}},"13":{"start":{"line":21,"column":4},"end":{"line":21,"column":61}},"14":{"start":{"line":26,"column":0},"end":{"line":36,"column":3}},"15":{"start":{"line":27,"column":2},"end":{"line":35,"column":3}},"16":{"start":{"line":28,"column":18},"end":{"line":30,"column":6}},"17":{"start":{"line":31,"column":4},"end":{"line":31,"column":32}},"18":{"start":{"line":33,"column":4},"end":{"line":33,"column":23}},"19":{"start":{"line":34,"column":4},"end":{"line":34,"column":61}},"20":{"start":{"line":39,"column":0},"end":{"line":62,"column":3}},"21":{"start":{"line":40,"column":17},"end":{"line":40,"column":27}},"22":{"start":{"line":41,"column":31},"end":{"line":41,"column":39}},"23":{"start":{"line":43,"column":2},"end":{"line":61,"column":3}},"24":{"start":{"line":44,"column":25},"end":{"line":47,"column":6}},"25":{"start":{"line":48,"column":4},"end":{"line":48,"column":80}},"26":{"start":{"line":48,"column":23},"end":{"line":48,"column":80}},"27":{"start":{"line":50,"column":25},"end":{"line":50,"column":62}},"28":{"start":{"line":52,"column":24},"end":{"line":55,"column":6}},"29":{"start":{"line":57,"column":4},"end":{"line":57,"column":38}},"30":{"start":{"line":59,"column":4},"end":{"line":59,"column":23}},"31":{"start":{"line":60,"column":4},"end":{"line":60,"column":61}},"32":{"start":{"line":65,"column":0},"end":{"line":75,"column":3}},"33":{"start":{"line":66,"column":17},"end":{"line":66,"column":27}},"34":{"start":{"line":68,"column":2},"end":{"line":74,"column":3}},"35":{"start":{"line":69,"column":4},"end":{"line":69,"column":62}},"36":{"start":{"line":70,"column":4},"end":{"line":70,"column":67}},"37":{"start":{"line":72,"column":4},"end":{"line":72,"column":23}},"38":{"start":{"line":73,"column":4},"end":{"line":73,"column":61}},"39":{"start":{"line":77,"column":0},"end":{"line":77,"column":24}}},"fnMap":{"0":{"name":"(anonymous_0)","decl":{"start":{"line":6,"column":28},"end":{"line":6,"column":29}},"loc":{"start":{"line":6,"column":48},"end":{"line":23,"column":1}},"line":6},"1":{"name":"(anonymous_1)","decl":{"start":{"line":26,"column":21},"end":{"line":26,"column":22}},"loc":{"start":{"line":26,"column":41},"end":{"line":36,"column":1}},"line":26},"2":{"name":"(anonymous_2)","decl":{"start":{"line":39,"column":31},"end":{"line":39,"column":32}},"loc":{"start":{"line":39,"column":51},"end":{"line":62,"column":1}},"line":39},"3":{"name":"(anonymous_3)","decl":{"start":{"line":65,"column":34},"end":{"line":65,"column":35}},"loc":{"start":{"line":65,"column":54},"end":{"line":75,"column":1}},"line":65}},"branchMap":{"0":{"loc":{"start":{"line":11,"column":4},"end":{"line":11,"column":78}},"type":"if","locations":[{"start":{"line":11,"column":4},"end":{"line":11,"column":78}},{"start":{},"end":{}}],"line":11},"1":{"loc":{"start":{"line":48,"column":4},"end":{"line":48,"column":80}},"type":"if","locations":[{"start":{"line":48,"column":4},"end":{"line":48,"column":80}},{"start":{},"end":{}}],"line":48}},"s":{"0":1,"1":1,"2":1,"3":1,"4":3,"5":3,"6":3,"7":3,"8":1,"9":2,"10":2,"11":1,"12":1,"13":1,"14":1,"15":2,"16":2,"17":1,"18":1,"19":1,"20":1,"21":3,"22":3,"23":3,"24":3,"25":3,"26":1,"27":2,"28":2,"29":1,"30":1,"31":1,"32":1,"33":2,"34":2,"35":2,"36":1,"37":1,"38":1,"39":1},"f":{"0":3,"1":2,"2":3,"3":2},"b":{"0":[1,2],"1":[1,2]},"_coverageSchema":"1a1c01bbd47fc00a2c39e90264f33305004495a9","hash":"2c1162d7fb4601a9a573cbf0b39f98d903b58f53"}
}
