TN:
SF:src\routes\productRoutes.js
FN:6,(anonymous_0)
FN:23,(anonymous_1)
FN:36,(anonymous_2)
FN:53,(anonymous_3)
FNF:4
FNH:4
FNDA:2,(anonymous_0)
FNDA:2,(anonymous_1)
FNDA:2,(anonymous_2)
FNDA:2,(anonymous_3)
DA:1,1
DA:2,1
DA:3,1
DA:6,1
DA:7,2
DA:9,2
DA:10,2
DA:13,1
DA:15,1
DA:16,1
DA:23,1
DA:24,2
DA:25,2
DA:28,1
DA:30,1
DA:31,1
DA:36,1
DA:37,2
DA:38,2
DA:40,2
DA:41,2
DA:45,1
DA:47,1
DA:48,1
DA:53,1
DA:54,2
DA:56,2
DA:57,2
DA:58,1
DA:60,1
DA:61,1
DA:70,1
LF:32
LH:32
BRF:0
BRH:0
end_of_record
TN:
SF:src\routes\salesRoutes.js
FN:6,(anonymous_0)
FN:26,(anonymous_1)
FN:39,(anonymous_2)
FN:65,(anonymous_3)
FNF:4
FNH:4
FNDA:3,(anonymous_0)
FNDA:2,(anonymous_1)
FNDA:3,(anonymous_2)
FNDA:2,(anonymous_3)
DA:1,1
DA:2,1
DA:3,1
DA:6,1
DA:7,3
DA:9,3
DA:10,3
DA:11,3
DA:13,2
DA:15,2
DA:18,1
DA:20,1
DA:21,1
DA:26,1
DA:27,2
DA:28,2
DA:31,1
DA:33,1
DA:34,1
DA:39,1
DA:40,3
DA:41,3
DA:43,3
DA:44,3
DA:48,3
DA:50,2
DA:52,2
DA:57,1
DA:59,1
DA:60,1
DA:65,1
DA:66,2
DA:68,2
DA:69,2
DA:70,1
DA:72,1
DA:73,1
DA:77,1
LF:38
LH:38
BRDA:11,0,0,1
BRDA:11,0,1,2
BRDA:48,1,0,1
BRDA:48,1,1,2
BRF:4
BRH:4
end_of_record
